<?xml version="1.0" encoding="UTF-8" ?>
<testsuite errors="0" failures="0" hostname="DESKTOP-J30KT4P" name="ec.stats.test.StatisticsTest" skipped="0" tests="14" time="0.034" timestamp="2021-09-24T01:10:48">
  <properties>
[...]
</properties>
  <testcase classname="ec.stats.test.StatisticsTest" name="testAddDataAddMinNumber" time="0.002" />
  <testcase classname="ec.stats.test.StatisticsTest" name="testMax" time="0.0" />
  <testcase classname="ec.stats.test.StatisticsTest" name="testMin" time="0.0" />
  <testcase classname="ec.stats.test.StatisticsTest" name="testAddDataNewStd" time="0.0" />
  <testcase classname="ec.stats.test.StatisticsTest" name="testCount" time="0.0" />
  <testcase classname="ec.stats.test.StatisticsTest" name="testStats" time="0.0" />
  <testcase classname="ec.stats.test.StatisticsTest" name="testMean" time="0.0" />
  <testcase classname="ec.stats.test.StatisticsTest" name="testStds" time="0.001" />
  <testcase classname="ec.stats.test.StatisticsTest" name="testAddDataNewMean" time="0.0" />
  <testcase classname="ec.stats.test.StatisticsTest" name="testStatsNewDataMean" time="0.0" />
  <testcase classname="ec.stats.test.StatisticsTest" name="testAddDataAddMaxNumber" time="0.0" />
  <testcase classname="ec.stats.test.StatisticsTest" name="testStatsNewDataMax" time="0.0" />
  <testcase classname="ec.stats.test.StatisticsTest" name="testStatsNewDataMin" time="0.0" />
  <testcase classname="ec.stats.test.StatisticsTest" name="testStatsNewDataStd" time="0.0" />
  <system-out><![CDATA[]]></system-out>
  <system-err><![CDATA[]]></system-err>
</testsuite>
